Determining if the pthread_create exist failed with the following output:
Change Dir: /home/jman/final_project/src/ugv_course/robot_sensors/CMakeFiles/CMakeTmp

Run Build Command:/usr/bin/make "cmTryCompileExec2001243887/fast"
/usr/bin/make -f CMakeFiles/cmTryCompileExec2001243887.dir/build.make CMakeFiles/cmTryCompileExec2001243887.dir/build
make[1]: Entering directory `/home/jman/final_project/src/ugv_course/robot_sensors/CMakeFiles/CMakeTmp'
/usr/bin/cmake -E cmake_progress_report /home/jman/final_project/src/ugv_course/robot_sensors/CMakeFiles/CMakeTmp/CMakeFiles 1
Building C object CMakeFiles/cmTryCompileExec2001243887.dir/CheckSymbolExists.c.o
/usr/bin/cc    -o CMakeFiles/cmTryCompileExec2001243887.dir/CheckSymbolExists.c.o   -c /home/jman/final_project/src/ugv_course/robot_sensors/CMakeFiles/CMakeTmp/CheckSymbolExists.c
Linking C executable cmTryCompileExec2001243887
/usr/bin/cmake -E cmake_link_script CMakeFiles/cmTryCompileExec2001243887.dir/link.txt --verbose=1
/usr/bin/cc       CMakeFiles/cmTryCompileExec2001243887.dir/CheckSymbolExists.c.o  -o cmTryCompileExec2001243887 -rdynamic 
CMakeFiles/cmTryCompileExec2001243887.dir/CheckSymbolExists.c.o: In function `main':
CheckSymbolExists.c:(.text+0x16): undefined reference to `pthread_create'
collect2: error: ld returned 1 exit status
make[1]: Leaving directory `/home/jman/final_project/src/ugv_course/robot_sensors/CMakeFiles/CMakeTmp'
make[1]: *** [cmTryCompileExec2001243887] Error 1
make: *** [cmTryCompileExec2001243887/fast] Error 2

File /home/jman/final_project/src/ugv_course/robot_sensors/CMakeFiles/CMakeTmp/CheckSymbolExists.c:
/* */
#include <pthread.h>

int main(int argc, char** argv)
{
  (void)argv;
#ifndef pthread_create
  return ((int*)(&pthread_create))[argc];
#else
  (void)argc;
  return 0;
#endif
}

Determining if the function pthread_create exists in the pthreads failed with the following output:
Change Dir: /home/jman/final_project/src/ugv_course/robot_sensors/CMakeFiles/CMakeTmp

Run Build Command:/usr/bin/make "cmTryCompileExec674096601/fast"
/usr/bin/make -f CMakeFiles/cmTryCompileExec674096601.dir/build.make CMakeFiles/cmTryCompileExec674096601.dir/build
make[1]: Entering directory `/home/jman/final_project/src/ugv_course/robot_sensors/CMakeFiles/CMakeTmp'
/usr/bin/cmake -E cmake_progress_report /home/jman/final_project/src/ugv_course/robot_sensors/CMakeFiles/CMakeTmp/CMakeFiles 1
Building C object CMakeFiles/cmTryCompileExec674096601.dir/CheckFunctionExists.c.o
/usr/bin/cc   -DCHECK_FUNCTION_EXISTS=pthread_create   -o CMakeFiles/cmTryCompileExec674096601.dir/CheckFunctionExists.c.o   -c /usr/share/cmake-2.8/Modules/CheckFunctionExists.c
Linking C executable cmTryCompileExec674096601
/usr/bin/cmake -E cmake_link_script CMakeFiles/cmTryCompileExec674096601.dir/link.txt --verbose=1
/usr/bin/cc   -DCHECK_FUNCTION_EXISTS=pthread_create    CMakeFiles/cmTryCompileExec674096601.dir/CheckFunctionExists.c.o  -o cmTryCompileExec674096601 -rdynamic -lpthreads 
/usr/bin/ld: cannot find -lpthreads
collect2: error: ld returned 1 exit status
make[1]: Leaving directory `/home/jman/final_project/src/ugv_course/robot_sensors/CMakeFiles/CMakeTmp'
make[1]: *** [cmTryCompileExec674096601] Error 1
make: *** [cmTryCompileExec674096601/fast] Error 2


