Determining if the pthread_create exist failed with the following output:
Change Dir: /home/dlebowski/workspace/extraRepo/ros2/src/ugv_course/ugv_course_libs/CMakeFiles/CMakeTmp

Run Build Command:/usr/bin/make "cmTryCompileExec3748512309/fast"
/usr/bin/make -f CMakeFiles/cmTryCompileExec3748512309.dir/build.make CMakeFiles/cmTryCompileExec3748512309.dir/build
make[1]: Entering directory `/home/dlebowski/workspace/extraRepo/ros2/src/ugv_course/ugv_course_libs/CMakeFiles/CMakeTmp'
/usr/bin/cmake -E cmake_progress_report /home/dlebowski/workspace/extraRepo/ros2/src/ugv_course/ugv_course_libs/CMakeFiles/CMakeTmp/CMakeFiles 1
Building C object CMakeFiles/cmTryCompileExec3748512309.dir/CheckSymbolExists.c.o
/usr/bin/cc    -o CMakeFiles/cmTryCompileExec3748512309.dir/CheckSymbolExists.c.o   -c /home/dlebowski/workspace/extraRepo/ros2/src/ugv_course/ugv_course_libs/CMakeFiles/CMakeTmp/CheckSymbolExists.c
Linking C executable cmTryCompileExec3748512309
/usr/bin/cmake -E cmake_link_script CMakeFiles/cmTryCompileExec3748512309.dir/link.txt --verbose=1
/usr/bin/cc       CMakeFiles/cmTryCompileExec3748512309.dir/CheckSymbolExists.c.o  -o cmTryCompileExec3748512309 -rdynamic 
CMakeFiles/cmTryCompileExec3748512309.dir/CheckSymbolExists.c.o: In function `main':
CheckSymbolExists.c:(.text+0x16): undefined reference to `pthread_create'
collect2: error: ld returned 1 exit status
make[1]: Leaving directory `/home/dlebowski/workspace/extraRepo/ros2/src/ugv_course/ugv_course_libs/CMakeFiles/CMakeTmp'
make[1]: *** [cmTryCompileExec3748512309] Error 1
make: *** [cmTryCompileExec3748512309/fast] Error 2

File /home/dlebowski/workspace/extraRepo/ros2/src/ugv_course/ugv_course_libs/CMakeFiles/CMakeTmp/CheckSymbolExists.c:
/* */
#include <pthread.h>

int main(int argc, char** argv)
{
  (void)argv;
#ifndef pthread_create
  return ((int*)(&pthread_create))[argc];
#else
  (void)argc;
  return 0;
#endif
}

Determining if the function pthread_create exists in the pthreads failed with the following output:
Change Dir: /home/dlebowski/workspace/extraRepo/ros2/src/ugv_course/ugv_course_libs/CMakeFiles/CMakeTmp

Run Build Command:/usr/bin/make "cmTryCompileExec3261405846/fast"
/usr/bin/make -f CMakeFiles/cmTryCompileExec3261405846.dir/build.make CMakeFiles/cmTryCompileExec3261405846.dir/build
make[1]: Entering directory `/home/dlebowski/workspace/extraRepo/ros2/src/ugv_course/ugv_course_libs/CMakeFiles/CMakeTmp'
/usr/bin/cmake -E cmake_progress_report /home/dlebowski/workspace/extraRepo/ros2/src/ugv_course/ugv_course_libs/CMakeFiles/CMakeTmp/CMakeFiles 1
Building C object CMakeFiles/cmTryCompileExec3261405846.dir/CheckFunctionExists.c.o
/usr/bin/cc   -DCHECK_FUNCTION_EXISTS=pthread_create   -o CMakeFiles/cmTryCompileExec3261405846.dir/CheckFunctionExists.c.o   -c /usr/share/cmake-2.8/Modules/CheckFunctionExists.c
Linking C executable cmTryCompileExec3261405846
/usr/bin/cmake -E cmake_link_script CMakeFiles/cmTryCompileExec3261405846.dir/link.txt --verbose=1
/usr/bin/cc   -DCHECK_FUNCTION_EXISTS=pthread_create    CMakeFiles/cmTryCompileExec3261405846.dir/CheckFunctionExists.c.o  -o cmTryCompileExec3261405846 -rdynamic -lpthreads 
/usr/bin/ld: cannot find -lpthreads
collect2: error: ld returned 1 exit status
make[1]: Leaving directory `/home/dlebowski/workspace/extraRepo/ros2/src/ugv_course/ugv_course_libs/CMakeFiles/CMakeTmp'
make[1]: *** [cmTryCompileExec3261405846] Error 1
make: *** [cmTryCompileExec3261405846/fast] Error 2


Determining if the pthread_create exist failed with the following output:
Change Dir: /home/jman/ros/src/ugv_course/ugv_course_libs/CMakeFiles/CMakeTmp

Run Build Command:/usr/bin/make "cmTryCompileExec3341099835/fast"
/usr/bin/make -f CMakeFiles/cmTryCompileExec3341099835.dir/build.make CMakeFiles/cmTryCompileExec3341099835.dir/build
make[1]: Entering directory `/home/jman/ros/src/ugv_course/ugv_course_libs/CMakeFiles/CMakeTmp'
/usr/bin/cmake -E cmake_progress_report /home/jman/ros/src/ugv_course/ugv_course_libs/CMakeFiles/CMakeTmp/CMakeFiles 1
Building C object CMakeFiles/cmTryCompileExec3341099835.dir/CheckSymbolExists.c.o
/usr/bin/cc    -o CMakeFiles/cmTryCompileExec3341099835.dir/CheckSymbolExists.c.o   -c /home/jman/ros/src/ugv_course/ugv_course_libs/CMakeFiles/CMakeTmp/CheckSymbolExists.c
Linking C executable cmTryCompileExec3341099835
/usr/bin/cmake -E cmake_link_script CMakeFiles/cmTryCompileExec3341099835.dir/link.txt --verbose=1
/usr/bin/cc       CMakeFiles/cmTryCompileExec3341099835.dir/CheckSymbolExists.c.o  -o cmTryCompileExec3341099835 -rdynamic 
CMakeFiles/cmTryCompileExec3341099835.dir/CheckSymbolExists.c.o: In function `main':
CheckSymbolExists.c:(.text+0x16): undefined reference to `pthread_create'
collect2: error: ld returned 1 exit status
make[1]: Leaving directory `/home/jman/ros/src/ugv_course/ugv_course_libs/CMakeFiles/CMakeTmp'
make[1]: *** [cmTryCompileExec3341099835] Error 1
make: *** [cmTryCompileExec3341099835/fast] Error 2

File /home/jman/ros/src/ugv_course/ugv_course_libs/CMakeFiles/CMakeTmp/CheckSymbolExists.c:
/* */
#include <pthread.h>

int main(int argc, char** argv)
{
  (void)argv;
#ifndef pthread_create
  return ((int*)(&pthread_create))[argc];
#else
  (void)argc;
  return 0;
#endif
}

Determining if the function pthread_create exists in the pthreads failed with the following output:
Change Dir: /home/jman/ros/src/ugv_course/ugv_course_libs/CMakeFiles/CMakeTmp

Run Build Command:/usr/bin/make "cmTryCompileExec2193200973/fast"
/usr/bin/make -f CMakeFiles/cmTryCompileExec2193200973.dir/build.make CMakeFiles/cmTryCompileExec2193200973.dir/build
make[1]: Entering directory `/home/jman/ros/src/ugv_course/ugv_course_libs/CMakeFiles/CMakeTmp'
/usr/bin/cmake -E cmake_progress_report /home/jman/ros/src/ugv_course/ugv_course_libs/CMakeFiles/CMakeTmp/CMakeFiles 1
Building C object CMakeFiles/cmTryCompileExec2193200973.dir/CheckFunctionExists.c.o
/usr/bin/cc   -DCHECK_FUNCTION_EXISTS=pthread_create   -o CMakeFiles/cmTryCompileExec2193200973.dir/CheckFunctionExists.c.o   -c /usr/share/cmake-2.8/Modules/CheckFunctionExists.c
Linking C executable cmTryCompileExec2193200973
/usr/bin/cmake -E cmake_link_script CMakeFiles/cmTryCompileExec2193200973.dir/link.txt --verbose=1
/usr/bin/cc   -DCHECK_FUNCTION_EXISTS=pthread_create    CMakeFiles/cmTryCompileExec2193200973.dir/CheckFunctionExists.c.o  -o cmTryCompileExec2193200973 -rdynamic -lpthreads 
/usr/bin/ld: cannot find -lpthreads
collect2: error: ld returned 1 exit status
make[1]: Leaving directory `/home/jman/ros/src/ugv_course/ugv_course_libs/CMakeFiles/CMakeTmp'
make[1]: *** [cmTryCompileExec2193200973] Error 1
make: *** [cmTryCompileExec2193200973/fast] Error 2


