Determining if the pthread_create exist failed with the following output:
Change Dir: /home/dlebowski/workspace/extraRepo/ros2/src/ugv_course/roundbot_description/CMakeFiles/CMakeTmp

Run Build Command:/usr/bin/make "cmTryCompileExec614807874/fast"
/usr/bin/make -f CMakeFiles/cmTryCompileExec614807874.dir/build.make CMakeFiles/cmTryCompileExec614807874.dir/build
make[1]: Entering directory `/home/dlebowski/workspace/extraRepo/ros2/src/ugv_course/roundbot_description/CMakeFiles/CMakeTmp'
/usr/bin/cmake -E cmake_progress_report /home/dlebowski/workspace/extraRepo/ros2/src/ugv_course/roundbot_description/CMakeFiles/CMakeTmp/CMakeFiles 1
Building C object CMakeFiles/cmTryCompileExec614807874.dir/CheckSymbolExists.c.o
/usr/bin/cc    -o CMakeFiles/cmTryCompileExec614807874.dir/CheckSymbolExists.c.o   -c /home/dlebowski/workspace/extraRepo/ros2/src/ugv_course/roundbot_description/CMakeFiles/CMakeTmp/CheckSymbolExists.c
Linking C executable cmTryCompileExec614807874
/usr/bin/cmake -E cmake_link_script CMakeFiles/cmTryCompileExec614807874.dir/link.txt --verbose=1
/usr/bin/cc       CMakeFiles/cmTryCompileExec614807874.dir/CheckSymbolExists.c.o  -o cmTryCompileExec614807874 -rdynamic 
CMakeFiles/cmTryCompileExec614807874.dir/CheckSymbolExists.c.o: In function `main':
CheckSymbolExists.c:(.text+0x16): undefined reference to `pthread_create'
collect2: error: ld returned 1 exit status
make[1]: Leaving directory `/home/dlebowski/workspace/extraRepo/ros2/src/ugv_course/roundbot_description/CMakeFiles/CMakeTmp'
make[1]: *** [cmTryCompileExec614807874] Error 1
make: *** [cmTryCompileExec614807874/fast] Error 2

File /home/dlebowski/workspace/extraRepo/ros2/src/ugv_course/roundbot_description/CMakeFiles/CMakeTmp/CheckSymbolExists.c:
/* */
#include <pthread.h>

int main(int argc, char** argv)
{
  (void)argv;
#ifndef pthread_create
  return ((int*)(&pthread_create))[argc];
#else
  (void)argc;
  return 0;
#endif
}

Determining if the function pthread_create exists in the pthreads failed with the following output:
Change Dir: /home/dlebowski/workspace/extraRepo/ros2/src/ugv_course/roundbot_description/CMakeFiles/CMakeTmp

Run Build Command:/usr/bin/make "cmTryCompileExec3713946369/fast"
/usr/bin/make -f CMakeFiles/cmTryCompileExec3713946369.dir/build.make CMakeFiles/cmTryCompileExec3713946369.dir/build
make[1]: Entering directory `/home/dlebowski/workspace/extraRepo/ros2/src/ugv_course/roundbot_description/CMakeFiles/CMakeTmp'
/usr/bin/cmake -E cmake_progress_report /home/dlebowski/workspace/extraRepo/ros2/src/ugv_course/roundbot_description/CMakeFiles/CMakeTmp/CMakeFiles 1
Building C object CMakeFiles/cmTryCompileExec3713946369.dir/CheckFunctionExists.c.o
/usr/bin/cc   -DCHECK_FUNCTION_EXISTS=pthread_create   -o CMakeFiles/cmTryCompileExec3713946369.dir/CheckFunctionExists.c.o   -c /usr/share/cmake-2.8/Modules/CheckFunctionExists.c
Linking C executable cmTryCompileExec3713946369
/usr/bin/cmake -E cmake_link_script CMakeFiles/cmTryCompileExec3713946369.dir/link.txt --verbose=1
/usr/bin/cc   -DCHECK_FUNCTION_EXISTS=pthread_create    CMakeFiles/cmTryCompileExec3713946369.dir/CheckFunctionExists.c.o  -o cmTryCompileExec3713946369 -rdynamic -lpthreads 
/usr/bin/ld: cannot find -lpthreads
collect2: error: ld returned 1 exit status
make[1]: Leaving directory `/home/dlebowski/workspace/extraRepo/ros2/src/ugv_course/roundbot_description/CMakeFiles/CMakeTmp'
make[1]: *** [cmTryCompileExec3713946369] Error 1
make: *** [cmTryCompileExec3713946369/fast] Error 2


Determining if the pthread_create exist failed with the following output:
Change Dir: /home/jman/ros/src/ugv_course/roundbot_description/CMakeFiles/CMakeTmp

Run Build Command:/usr/bin/make "cmTryCompileExec2463780589/fast"
/usr/bin/make -f CMakeFiles/cmTryCompileExec2463780589.dir/build.make CMakeFiles/cmTryCompileExec2463780589.dir/build
make[1]: Entering directory `/home/jman/ros/src/ugv_course/roundbot_description/CMakeFiles/CMakeTmp'
/usr/bin/cmake -E cmake_progress_report /home/jman/ros/src/ugv_course/roundbot_description/CMakeFiles/CMakeTmp/CMakeFiles 1
Building C object CMakeFiles/cmTryCompileExec2463780589.dir/CheckSymbolExists.c.o
/usr/bin/cc    -o CMakeFiles/cmTryCompileExec2463780589.dir/CheckSymbolExists.c.o   -c /home/jman/ros/src/ugv_course/roundbot_description/CMakeFiles/CMakeTmp/CheckSymbolExists.c
Linking C executable cmTryCompileExec2463780589
/usr/bin/cmake -E cmake_link_script CMakeFiles/cmTryCompileExec2463780589.dir/link.txt --verbose=1
/usr/bin/cc       CMakeFiles/cmTryCompileExec2463780589.dir/CheckSymbolExists.c.o  -o cmTryCompileExec2463780589 -rdynamic 
CMakeFiles/cmTryCompileExec2463780589.dir/CheckSymbolExists.c.o: In function `main':
CheckSymbolExists.c:(.text+0x16): undefined reference to `pthread_create'
collect2: error: ld returned 1 exit status
make[1]: *** [cmTryCompileExec2463780589] Error 1
make[1]: Leaving directory `/home/jman/ros/src/ugv_course/roundbot_description/CMakeFiles/CMakeTmp'
make: *** [cmTryCompileExec2463780589/fast] Error 2

File /home/jman/ros/src/ugv_course/roundbot_description/CMakeFiles/CMakeTmp/CheckSymbolExists.c:
/* */
#include <pthread.h>

int main(int argc, char** argv)
{
  (void)argv;
#ifndef pthread_create
  return ((int*)(&pthread_create))[argc];
#else
  (void)argc;
  return 0;
#endif
}

Determining if the function pthread_create exists in the pthreads failed with the following output:
Change Dir: /home/jman/ros/src/ugv_course/roundbot_description/CMakeFiles/CMakeTmp

Run Build Command:/usr/bin/make "cmTryCompileExec271105146/fast"
/usr/bin/make -f CMakeFiles/cmTryCompileExec271105146.dir/build.make CMakeFiles/cmTryCompileExec271105146.dir/build
make[1]: Entering directory `/home/jman/ros/src/ugv_course/roundbot_description/CMakeFiles/CMakeTmp'
/usr/bin/cmake -E cmake_progress_report /home/jman/ros/src/ugv_course/roundbot_description/CMakeFiles/CMakeTmp/CMakeFiles 1
Building C object CMakeFiles/cmTryCompileExec271105146.dir/CheckFunctionExists.c.o
/usr/bin/cc   -DCHECK_FUNCTION_EXISTS=pthread_create   -o CMakeFiles/cmTryCompileExec271105146.dir/CheckFunctionExists.c.o   -c /usr/share/cmake-2.8/Modules/CheckFunctionExists.c
Linking C executable cmTryCompileExec271105146
/usr/bin/cmake -E cmake_link_script CMakeFiles/cmTryCompileExec271105146.dir/link.txt --verbose=1
/usr/bin/cc   -DCHECK_FUNCTION_EXISTS=pthread_create    CMakeFiles/cmTryCompileExec271105146.dir/CheckFunctionExists.c.o  -o cmTryCompileExec271105146 -rdynamic -lpthreads 
/usr/bin/ld: cannot find -lpthreads
collect2: error: ld returned 1 exit status
make[1]: Leaving directory `/home/jman/ros/src/ugv_course/roundbot_description/CMakeFiles/CMakeTmp'
make[1]: *** [cmTryCompileExec271105146] Error 1
make: *** [cmTryCompileExec271105146/fast] Error 2


