Determining if the pthread_create exist failed with the following output:
Change Dir: /home/dlebowski/workspace/extraRepo/ros2/src/ugv_course/ugv_course_launch/CMakeFiles/CMakeTmp

Run Build Command:/usr/bin/make "cmTryCompileExec2304892130/fast"
/usr/bin/make -f CMakeFiles/cmTryCompileExec2304892130.dir/build.make CMakeFiles/cmTryCompileExec2304892130.dir/build
make[1]: Entering directory `/home/dlebowski/workspace/extraRepo/ros2/src/ugv_course/ugv_course_launch/CMakeFiles/CMakeTmp'
/usr/bin/cmake -E cmake_progress_report /home/dlebowski/workspace/extraRepo/ros2/src/ugv_course/ugv_course_launch/CMakeFiles/CMakeTmp/CMakeFiles 1
Building C object CMakeFiles/cmTryCompileExec2304892130.dir/CheckSymbolExists.c.o
/usr/bin/cc    -o CMakeFiles/cmTryCompileExec2304892130.dir/CheckSymbolExists.c.o   -c /home/dlebowski/workspace/extraRepo/ros2/src/ugv_course/ugv_course_launch/CMakeFiles/CMakeTmp/CheckSymbolExists.c
Linking C executable cmTryCompileExec2304892130
/usr/bin/cmake -E cmake_link_script CMakeFiles/cmTryCompileExec2304892130.dir/link.txt --verbose=1
/usr/bin/cc       CMakeFiles/cmTryCompileExec2304892130.dir/CheckSymbolExists.c.o  -o cmTryCompileExec2304892130 -rdynamic 
CMakeFiles/cmTryCompileExec2304892130.dir/CheckSymbolExists.c.o: In function `main':
CheckSymbolExists.c:(.text+0x16): undefined reference to `pthread_create'
collect2: error: ld returned 1 exit status
make[1]: Leaving directory `/home/dlebowski/workspace/extraRepo/ros2/src/ugv_course/ugv_course_launch/CMakeFiles/CMakeTmp'
make[1]: *** [cmTryCompileExec2304892130] Error 1
make: *** [cmTryCompileExec2304892130/fast] Error 2

File /home/dlebowski/workspace/extraRepo/ros2/src/ugv_course/ugv_course_launch/CMakeFiles/CMakeTmp/CheckSymbolExists.c:
/* */
#include <pthread.h>

int main(int argc, char** argv)
{
  (void)argv;
#ifndef pthread_create
  return ((int*)(&pthread_create))[argc];
#else
  (void)argc;
  return 0;
#endif
}

Determining if the function pthread_create exists in the pthreads failed with the following output:
Change Dir: /home/dlebowski/workspace/extraRepo/ros2/src/ugv_course/ugv_course_launch/CMakeFiles/CMakeTmp

Run Build Command:/usr/bin/make "cmTryCompileExec440734677/fast"
/usr/bin/make -f CMakeFiles/cmTryCompileExec440734677.dir/build.make CMakeFiles/cmTryCompileExec440734677.dir/build
make[1]: Entering directory `/home/dlebowski/workspace/extraRepo/ros2/src/ugv_course/ugv_course_launch/CMakeFiles/CMakeTmp'
/usr/bin/cmake -E cmake_progress_report /home/dlebowski/workspace/extraRepo/ros2/src/ugv_course/ugv_course_launch/CMakeFiles/CMakeTmp/CMakeFiles 1
Building C object CMakeFiles/cmTryCompileExec440734677.dir/CheckFunctionExists.c.o
/usr/bin/cc   -DCHECK_FUNCTION_EXISTS=pthread_create   -o CMakeFiles/cmTryCompileExec440734677.dir/CheckFunctionExists.c.o   -c /usr/share/cmake-2.8/Modules/CheckFunctionExists.c
Linking C executable cmTryCompileExec440734677
/usr/bin/cmake -E cmake_link_script CMakeFiles/cmTryCompileExec440734677.dir/link.txt --verbose=1
/usr/bin/cc   -DCHECK_FUNCTION_EXISTS=pthread_create    CMakeFiles/cmTryCompileExec440734677.dir/CheckFunctionExists.c.o  -o cmTryCompileExec440734677 -rdynamic -lpthreads 
/usr/bin/ld: cannot find -lpthreads
collect2: error: ld returned 1 exit status
make[1]: *** [cmTryCompileExec440734677] Error 1
make[1]: Leaving directory `/home/dlebowski/workspace/extraRepo/ros2/src/ugv_course/ugv_course_launch/CMakeFiles/CMakeTmp'
make: *** [cmTryCompileExec440734677/fast] Error 2


Determining if the pthread_create exist failed with the following output:
Change Dir: /home/jman/ros/src/ugv_course/ugv_course_launch/CMakeFiles/CMakeTmp

Run Build Command:/usr/bin/make "cmTryCompileExec2881640496/fast"
/usr/bin/make -f CMakeFiles/cmTryCompileExec2881640496.dir/build.make CMakeFiles/cmTryCompileExec2881640496.dir/build
make[1]: Entering directory `/home/jman/ros/src/ugv_course/ugv_course_launch/CMakeFiles/CMakeTmp'
/usr/bin/cmake -E cmake_progress_report /home/jman/ros/src/ugv_course/ugv_course_launch/CMakeFiles/CMakeTmp/CMakeFiles 1
Building C object CMakeFiles/cmTryCompileExec2881640496.dir/CheckSymbolExists.c.o
/usr/bin/cc    -o CMakeFiles/cmTryCompileExec2881640496.dir/CheckSymbolExists.c.o   -c /home/jman/ros/src/ugv_course/ugv_course_launch/CMakeFiles/CMakeTmp/CheckSymbolExists.c
Linking C executable cmTryCompileExec2881640496
/usr/bin/cmake -E cmake_link_script CMakeFiles/cmTryCompileExec2881640496.dir/link.txt --verbose=1
/usr/bin/cc       CMakeFiles/cmTryCompileExec2881640496.dir/CheckSymbolExists.c.o  -o cmTryCompileExec2881640496 -rdynamic 
CMakeFiles/cmTryCompileExec2881640496.dir/CheckSymbolExists.c.o: In function `main':
CheckSymbolExists.c:(.text+0x16): undefined reference to `pthread_create'
make[1]: Leaving directory `/home/jman/ros/src/ugv_course/ugv_course_launch/CMakeFiles/CMakeTmp'
collect2: error: ld returned 1 exit status
make[1]: *** [cmTryCompileExec2881640496] Error 1
make: *** [cmTryCompileExec2881640496/fast] Error 2

File /home/jman/ros/src/ugv_course/ugv_course_launch/CMakeFiles/CMakeTmp/CheckSymbolExists.c:
/* */
#include <pthread.h>

int main(int argc, char** argv)
{
  (void)argv;
#ifndef pthread_create
  return ((int*)(&pthread_create))[argc];
#else
  (void)argc;
  return 0;
#endif
}

Determining if the function pthread_create exists in the pthreads failed with the following output:
Change Dir: /home/jman/ros/src/ugv_course/ugv_course_launch/CMakeFiles/CMakeTmp

Run Build Command:/usr/bin/make "cmTryCompileExec3706983030/fast"
/usr/bin/make -f CMakeFiles/cmTryCompileExec3706983030.dir/build.make CMakeFiles/cmTryCompileExec3706983030.dir/build
make[1]: Entering directory `/home/jman/ros/src/ugv_course/ugv_course_launch/CMakeFiles/CMakeTmp'
/usr/bin/cmake -E cmake_progress_report /home/jman/ros/src/ugv_course/ugv_course_launch/CMakeFiles/CMakeTmp/CMakeFiles 1
Building C object CMakeFiles/cmTryCompileExec3706983030.dir/CheckFunctionExists.c.o
/usr/bin/cc   -DCHECK_FUNCTION_EXISTS=pthread_create   -o CMakeFiles/cmTryCompileExec3706983030.dir/CheckFunctionExists.c.o   -c /usr/share/cmake-2.8/Modules/CheckFunctionExists.c
Linking C executable cmTryCompileExec3706983030
/usr/bin/cmake -E cmake_link_script CMakeFiles/cmTryCompileExec3706983030.dir/link.txt --verbose=1
/usr/bin/cc   -DCHECK_FUNCTION_EXISTS=pthread_create    CMakeFiles/cmTryCompileExec3706983030.dir/CheckFunctionExists.c.o  -o cmTryCompileExec3706983030 -rdynamic -lpthreads 
/usr/bin/ld: cannot find -lpthreads
collect2: error: ld returned 1 exit status
make[1]: Leaving directory `/home/jman/ros/src/ugv_course/ugv_course_launch/CMakeFiles/CMakeTmp'
make[1]: *** [cmTryCompileExec3706983030] Error 1
make: *** [cmTryCompileExec3706983030/fast] Error 2


