Determining if the pthread_create exist failed with the following output:
Change Dir: /home/dlebowski/workspace/extraRepo/ros2/src/ugv_course/ugv_course_gazebo/CMakeFiles/CMakeTmp

Run Build Command:/usr/bin/make "cmTryCompileExec1458616707/fast"
/usr/bin/make -f CMakeFiles/cmTryCompileExec1458616707.dir/build.make CMakeFiles/cmTryCompileExec1458616707.dir/build
make[1]: Entering directory `/home/dlebowski/workspace/extraRepo/ros2/src/ugv_course/ugv_course_gazebo/CMakeFiles/CMakeTmp'
/usr/bin/cmake -E cmake_progress_report /home/dlebowski/workspace/extraRepo/ros2/src/ugv_course/ugv_course_gazebo/CMakeFiles/CMakeTmp/CMakeFiles 1
Building C object CMakeFiles/cmTryCompileExec1458616707.dir/CheckSymbolExists.c.o
/usr/bin/cc    -o CMakeFiles/cmTryCompileExec1458616707.dir/CheckSymbolExists.c.o   -c /home/dlebowski/workspace/extraRepo/ros2/src/ugv_course/ugv_course_gazebo/CMakeFiles/CMakeTmp/CheckSymbolExists.c
Linking C executable cmTryCompileExec1458616707
/usr/bin/cmake -E cmake_link_script CMakeFiles/cmTryCompileExec1458616707.dir/link.txt --verbose=1
/usr/bin/cc       CMakeFiles/cmTryCompileExec1458616707.dir/CheckSymbolExists.c.o  -o cmTryCompileExec1458616707 -rdynamic 
CMakeFiles/cmTryCompileExec1458616707.dir/CheckSymbolExists.c.o: In function `main':
CheckSymbolExists.c:(.text+0x16): undefined reference to `pthread_create'
collect2: error: ld returned 1 exit status
make[1]: *** [cmTryCompileExec1458616707] Error 1
make[1]: Leaving directory `/home/dlebowski/workspace/extraRepo/ros2/src/ugv_course/ugv_course_gazebo/CMakeFiles/CMakeTmp'
make: *** [cmTryCompileExec1458616707/fast] Error 2

File /home/dlebowski/workspace/extraRepo/ros2/src/ugv_course/ugv_course_gazebo/CMakeFiles/CMakeTmp/CheckSymbolExists.c:
/* */
#include <pthread.h>

int main(int argc, char** argv)
{
  (void)argv;
#ifndef pthread_create
  return ((int*)(&pthread_create))[argc];
#else
  (void)argc;
  return 0;
#endif
}

Determining if the function pthread_create exists in the pthreads failed with the following output:
Change Dir: /home/dlebowski/workspace/extraRepo/ros2/src/ugv_course/ugv_course_gazebo/CMakeFiles/CMakeTmp

Run Build Command:/usr/bin/make "cmTryCompileExec1986579961/fast"
/usr/bin/make -f CMakeFiles/cmTryCompileExec1986579961.dir/build.make CMakeFiles/cmTryCompileExec1986579961.dir/build
make[1]: Entering directory `/home/dlebowski/workspace/extraRepo/ros2/src/ugv_course/ugv_course_gazebo/CMakeFiles/CMakeTmp'
/usr/bin/cmake -E cmake_progress_report /home/dlebowski/workspace/extraRepo/ros2/src/ugv_course/ugv_course_gazebo/CMakeFiles/CMakeTmp/CMakeFiles 1
Building C object CMakeFiles/cmTryCompileExec1986579961.dir/CheckFunctionExists.c.o
/usr/bin/cc   -DCHECK_FUNCTION_EXISTS=pthread_create   -o CMakeFiles/cmTryCompileExec1986579961.dir/CheckFunctionExists.c.o   -c /usr/share/cmake-2.8/Modules/CheckFunctionExists.c
Linking C executable cmTryCompileExec1986579961
/usr/bin/cmake -E cmake_link_script CMakeFiles/cmTryCompileExec1986579961.dir/link.txt --verbose=1
/usr/bin/cc   -DCHECK_FUNCTION_EXISTS=pthread_create    CMakeFiles/cmTryCompileExec1986579961.dir/CheckFunctionExists.c.o  -o cmTryCompileExec1986579961 -rdynamic -lpthreads 
/usr/bin/ld: cannot find -lpthreads
collect2: error: ld returned 1 exit status
make[1]: *** [cmTryCompileExec1986579961] Error 1
make[1]: Leaving directory `/home/dlebowski/workspace/extraRepo/ros2/src/ugv_course/ugv_course_gazebo/CMakeFiles/CMakeTmp'
make: *** [cmTryCompileExec1986579961/fast] Error 2


Determining if the pthread_create exist failed with the following output:
Change Dir: /home/jman/ros/src/ugv_course/ugv_course_gazebo/CMakeFiles/CMakeTmp

Run Build Command:/usr/bin/make "cmTryCompileExec704317311/fast"
/usr/bin/make -f CMakeFiles/cmTryCompileExec704317311.dir/build.make CMakeFiles/cmTryCompileExec704317311.dir/build
make[1]: Entering directory `/home/jman/ros/src/ugv_course/ugv_course_gazebo/CMakeFiles/CMakeTmp'
/usr/bin/cmake -E cmake_progress_report /home/jman/ros/src/ugv_course/ugv_course_gazebo/CMakeFiles/CMakeTmp/CMakeFiles 1
Building C object CMakeFiles/cmTryCompileExec704317311.dir/CheckSymbolExists.c.o
/usr/bin/cc    -o CMakeFiles/cmTryCompileExec704317311.dir/CheckSymbolExists.c.o   -c /home/jman/ros/src/ugv_course/ugv_course_gazebo/CMakeFiles/CMakeTmp/CheckSymbolExists.c
Linking C executable cmTryCompileExec704317311
/usr/bin/cmake -E cmake_link_script CMakeFiles/cmTryCompileExec704317311.dir/link.txt --verbose=1
/usr/bin/cc       CMakeFiles/cmTryCompileExec704317311.dir/CheckSymbolExists.c.o  -o cmTryCompileExec704317311 -rdynamic 
CMakeFiles/cmTryCompileExec704317311.dir/CheckSymbolExists.c.o: In function `main':
CheckSymbolExists.c:(.text+0x16): undefined reference to `pthread_create'
collect2: error: ld returned 1 exit status
make[1]: Leaving directory `/home/jman/ros/src/ugv_course/ugv_course_gazebo/CMakeFiles/CMakeTmp'
make[1]: *** [cmTryCompileExec704317311] Error 1
make: *** [cmTryCompileExec704317311/fast] Error 2

File /home/jman/ros/src/ugv_course/ugv_course_gazebo/CMakeFiles/CMakeTmp/CheckSymbolExists.c:
/* */
#include <pthread.h>

int main(int argc, char** argv)
{
  (void)argv;
#ifndef pthread_create
  return ((int*)(&pthread_create))[argc];
#else
  (void)argc;
  return 0;
#endif
}

Determining if the function pthread_create exists in the pthreads failed with the following output:
Change Dir: /home/jman/ros/src/ugv_course/ugv_course_gazebo/CMakeFiles/CMakeTmp

Run Build Command:/usr/bin/make "cmTryCompileExec2204570556/fast"
/usr/bin/make -f CMakeFiles/cmTryCompileExec2204570556.dir/build.make CMakeFiles/cmTryCompileExec2204570556.dir/build
make[1]: Entering directory `/home/jman/ros/src/ugv_course/ugv_course_gazebo/CMakeFiles/CMakeTmp'
/usr/bin/cmake -E cmake_progress_report /home/jman/ros/src/ugv_course/ugv_course_gazebo/CMakeFiles/CMakeTmp/CMakeFiles 1
Building C object CMakeFiles/cmTryCompileExec2204570556.dir/CheckFunctionExists.c.o
/usr/bin/cc   -DCHECK_FUNCTION_EXISTS=pthread_create   -o CMakeFiles/cmTryCompileExec2204570556.dir/CheckFunctionExists.c.o   -c /usr/share/cmake-2.8/Modules/CheckFunctionExists.c
Linking C executable cmTryCompileExec2204570556
/usr/bin/cmake -E cmake_link_script CMakeFiles/cmTryCompileExec2204570556.dir/link.txt --verbose=1
/usr/bin/cc   -DCHECK_FUNCTION_EXISTS=pthread_create    CMakeFiles/cmTryCompileExec2204570556.dir/CheckFunctionExists.c.o  -o cmTryCompileExec2204570556 -rdynamic -lpthreads 
/usr/bin/ld: cannot find -lpthreads
collect2: error: ld returned 1 exit status
make[1]: Leaving directory `/home/jman/ros/src/ugv_course/ugv_course_gazebo/CMakeFiles/CMakeTmp'
make[1]: *** [cmTryCompileExec2204570556] Error 1
make: *** [cmTryCompileExec2204570556/fast] Error 2


