Determining if the pthread_create exist failed with the following output:
Change Dir: /home/dlebowski/workspace/extraRepo/ros2/src/ugv_course/roundbot_control/CMakeFiles/CMakeTmp

Run Build Command:/usr/bin/make "cmTryCompileExec2408078758/fast"
/usr/bin/make -f CMakeFiles/cmTryCompileExec2408078758.dir/build.make CMakeFiles/cmTryCompileExec2408078758.dir/build
make[1]: Entering directory `/home/dlebowski/workspace/extraRepo/ros2/src/ugv_course/roundbot_control/CMakeFiles/CMakeTmp'
/usr/bin/cmake -E cmake_progress_report /home/dlebowski/workspace/extraRepo/ros2/src/ugv_course/roundbot_control/CMakeFiles/CMakeTmp/CMakeFiles 1
Building C object CMakeFiles/cmTryCompileExec2408078758.dir/CheckSymbolExists.c.o
/usr/bin/cc    -o CMakeFiles/cmTryCompileExec2408078758.dir/CheckSymbolExists.c.o   -c /home/dlebowski/workspace/extraRepo/ros2/src/ugv_course/roundbot_control/CMakeFiles/CMakeTmp/CheckSymbolExists.c
Linking C executable cmTryCompileExec2408078758
/usr/bin/cmake -E cmake_link_script CMakeFiles/cmTryCompileExec2408078758.dir/link.txt --verbose=1
/usr/bin/cc       CMakeFiles/cmTryCompileExec2408078758.dir/CheckSymbolExists.c.o  -o cmTryCompileExec2408078758 -rdynamic 
CMakeFiles/cmTryCompileExec2408078758.dir/CheckSymbolExists.c.o: In function `main':
CheckSymbolExists.c:(.text+0x16): undefined reference to `pthread_create'
collect2: error: ld returned 1 exit status
make[1]: Leaving directory `/home/dlebowski/workspace/extraRepo/ros2/src/ugv_course/roundbot_control/CMakeFiles/CMakeTmp'
make[1]: *** [cmTryCompileExec2408078758] Error 1
make: *** [cmTryCompileExec2408078758/fast] Error 2

File /home/dlebowski/workspace/extraRepo/ros2/src/ugv_course/roundbot_control/CMakeFiles/CMakeTmp/CheckSymbolExists.c:
/* */
#include <pthread.h>

int main(int argc, char** argv)
{
  (void)argv;
#ifndef pthread_create
  return ((int*)(&pthread_create))[argc];
#else
  (void)argc;
  return 0;
#endif
}

Determining if the function pthread_create exists in the pthreads failed with the following output:
Change Dir: /home/dlebowski/workspace/extraRepo/ros2/src/ugv_course/roundbot_control/CMakeFiles/CMakeTmp

Run Build Command:/usr/bin/make "cmTryCompileExec3754577951/fast"
/usr/bin/make -f CMakeFiles/cmTryCompileExec3754577951.dir/build.make CMakeFiles/cmTryCompileExec3754577951.dir/build
make[1]: Entering directory `/home/dlebowski/workspace/extraRepo/ros2/src/ugv_course/roundbot_control/CMakeFiles/CMakeTmp'
/usr/bin/cmake -E cmake_progress_report /home/dlebowski/workspace/extraRepo/ros2/src/ugv_course/roundbot_control/CMakeFiles/CMakeTmp/CMakeFiles 1
Building C object CMakeFiles/cmTryCompileExec3754577951.dir/CheckFunctionExists.c.o
/usr/bin/cc   -DCHECK_FUNCTION_EXISTS=pthread_create   -o CMakeFiles/cmTryCompileExec3754577951.dir/CheckFunctionExists.c.o   -c /usr/share/cmake-2.8/Modules/CheckFunctionExists.c
Linking C executable cmTryCompileExec3754577951
/usr/bin/cmake -E cmake_link_script CMakeFiles/cmTryCompileExec3754577951.dir/link.txt --verbose=1
/usr/bin/cc   -DCHECK_FUNCTION_EXISTS=pthread_create    CMakeFiles/cmTryCompileExec3754577951.dir/CheckFunctionExists.c.o  -o cmTryCompileExec3754577951 -rdynamic -lpthreads 
/usr/bin/ld: cannot find -lpthreads
collect2: error: ld returned 1 exit status
make[1]: *** [cmTryCompileExec3754577951] Error 1
make[1]: Leaving directory `/home/dlebowski/workspace/extraRepo/ros2/src/ugv_course/roundbot_control/CMakeFiles/CMakeTmp'
make: *** [cmTryCompileExec3754577951/fast] Error 2


Determining if the pthread_create exist failed with the following output:
Change Dir: /home/jman/ros/src/ugv_course/roundbot_control/CMakeFiles/CMakeTmp

Run Build Command:/usr/bin/make "cmTryCompileExec4043814844/fast"
/usr/bin/make -f CMakeFiles/cmTryCompileExec4043814844.dir/build.make CMakeFiles/cmTryCompileExec4043814844.dir/build
make[1]: Entering directory `/home/jman/ros/src/ugv_course/roundbot_control/CMakeFiles/CMakeTmp'
/usr/bin/cmake -E cmake_progress_report /home/jman/ros/src/ugv_course/roundbot_control/CMakeFiles/CMakeTmp/CMakeFiles 1
Building C object CMakeFiles/cmTryCompileExec4043814844.dir/CheckSymbolExists.c.o
/usr/bin/cc    -o CMakeFiles/cmTryCompileExec4043814844.dir/CheckSymbolExists.c.o   -c /home/jman/ros/src/ugv_course/roundbot_control/CMakeFiles/CMakeTmp/CheckSymbolExists.c
Linking C executable cmTryCompileExec4043814844
/usr/bin/cmake -E cmake_link_script CMakeFiles/cmTryCompileExec4043814844.dir/link.txt --verbose=1
/usr/bin/cc       CMakeFiles/cmTryCompileExec4043814844.dir/CheckSymbolExists.c.o  -o cmTryCompileExec4043814844 -rdynamic 
CMakeFiles/cmTryCompileExec4043814844.dir/CheckSymbolExists.c.o: In function `main':
CheckSymbolExists.c:(.text+0x16): undefined reference to `pthread_create'
collect2: error: ld returned 1 exit status
make[1]: Leaving directory `/home/jman/ros/src/ugv_course/roundbot_control/CMakeFiles/CMakeTmp'
make[1]: *** [cmTryCompileExec4043814844] Error 1
make: *** [cmTryCompileExec4043814844/fast] Error 2

File /home/jman/ros/src/ugv_course/roundbot_control/CMakeFiles/CMakeTmp/CheckSymbolExists.c:
/* */
#include <pthread.h>

int main(int argc, char** argv)
{
  (void)argv;
#ifndef pthread_create
  return ((int*)(&pthread_create))[argc];
#else
  (void)argc;
  return 0;
#endif
}

Determining if the function pthread_create exists in the pthreads failed with the following output:
Change Dir: /home/jman/ros/src/ugv_course/roundbot_control/CMakeFiles/CMakeTmp

Run Build Command:/usr/bin/make "cmTryCompileExec2696441074/fast"
/usr/bin/make -f CMakeFiles/cmTryCompileExec2696441074.dir/build.make CMakeFiles/cmTryCompileExec2696441074.dir/build
make[1]: Entering directory `/home/jman/ros/src/ugv_course/roundbot_control/CMakeFiles/CMakeTmp'
/usr/bin/cmake -E cmake_progress_report /home/jman/ros/src/ugv_course/roundbot_control/CMakeFiles/CMakeTmp/CMakeFiles 1
Building C object CMakeFiles/cmTryCompileExec2696441074.dir/CheckFunctionExists.c.o
/usr/bin/cc   -DCHECK_FUNCTION_EXISTS=pthread_create   -o CMakeFiles/cmTryCompileExec2696441074.dir/CheckFunctionExists.c.o   -c /usr/share/cmake-2.8/Modules/CheckFunctionExists.c
Linking C executable cmTryCompileExec2696441074
/usr/bin/cmake -E cmake_link_script CMakeFiles/cmTryCompileExec2696441074.dir/link.txt --verbose=1
/usr/bin/cc   -DCHECK_FUNCTION_EXISTS=pthread_create    CMakeFiles/cmTryCompileExec2696441074.dir/CheckFunctionExists.c.o  -o cmTryCompileExec2696441074 -rdynamic -lpthreads 
/usr/bin/ld: cannot find -lpthreads
collect2: error: ld returned 1 exit status
make[1]: Leaving directory `/home/jman/ros/src/ugv_course/roundbot_control/CMakeFiles/CMakeTmp'
make[1]: *** [cmTryCompileExec2696441074] Error 1
make: *** [cmTryCompileExec2696441074/fast] Error 2


