Determining if the pthread_create exist failed with the following output:
Change Dir: /home/jman/ros/src/ugv_course/gmapping_example/CMakeFiles/CMakeTmp

Run Build Command:/usr/bin/make "cmTryCompileExec2809853907/fast"
/usr/bin/make -f CMakeFiles/cmTryCompileExec2809853907.dir/build.make CMakeFiles/cmTryCompileExec2809853907.dir/build
make[1]: Entering directory `/home/jman/ros/src/ugv_course/gmapping_example/CMakeFiles/CMakeTmp'
/usr/bin/cmake -E cmake_progress_report /home/jman/ros/src/ugv_course/gmapping_example/CMakeFiles/CMakeTmp/CMakeFiles 1
Building C object CMakeFiles/cmTryCompileExec2809853907.dir/CheckSymbolExists.c.o
/usr/bin/cc    -o CMakeFiles/cmTryCompileExec2809853907.dir/CheckSymbolExists.c.o   -c /home/jman/ros/src/ugv_course/gmapping_example/CMakeFiles/CMakeTmp/CheckSymbolExists.c
Linking C executable cmTryCompileExec2809853907
/usr/bin/cmake -E cmake_link_script CMakeFiles/cmTryCompileExec2809853907.dir/link.txt --verbose=1
/usr/bin/cc       CMakeFiles/cmTryCompileExec2809853907.dir/CheckSymbolExists.c.o  -o cmTryCompileExec2809853907 -rdynamic 
CMakeFiles/cmTryCompileExec2809853907.dir/CheckSymbolExists.c.o: In function `main':
CheckSymbolExists.c:(.text+0x16): undefined reference to `pthread_create'
collect2: error: ld returned 1 exit status
make[1]: Leaving directory `/home/jman/ros/src/ugv_course/gmapping_example/CMakeFiles/CMakeTmp'
make[1]: *** [cmTryCompileExec2809853907] Error 1
make: *** [cmTryCompileExec2809853907/fast] Error 2

File /home/jman/ros/src/ugv_course/gmapping_example/CMakeFiles/CMakeTmp/CheckSymbolExists.c:
/* */
#include <pthread.h>

int main(int argc, char** argv)
{
  (void)argv;
#ifndef pthread_create
  return ((int*)(&pthread_create))[argc];
#else
  (void)argc;
  return 0;
#endif
}

Determining if the function pthread_create exists in the pthreads failed with the following output:
Change Dir: /home/jman/ros/src/ugv_course/gmapping_example/CMakeFiles/CMakeTmp

Run Build Command:/usr/bin/make "cmTryCompileExec3939974331/fast"
/usr/bin/make -f CMakeFiles/cmTryCompileExec3939974331.dir/build.make CMakeFiles/cmTryCompileExec3939974331.dir/build
make[1]: Entering directory `/home/jman/ros/src/ugv_course/gmapping_example/CMakeFiles/CMakeTmp'
/usr/bin/cmake -E cmake_progress_report /home/jman/ros/src/ugv_course/gmapping_example/CMakeFiles/CMakeTmp/CMakeFiles 1
Building C object CMakeFiles/cmTryCompileExec3939974331.dir/CheckFunctionExists.c.o
/usr/bin/cc   -DCHECK_FUNCTION_EXISTS=pthread_create   -o CMakeFiles/cmTryCompileExec3939974331.dir/CheckFunctionExists.c.o   -c /usr/share/cmake-2.8/Modules/CheckFunctionExists.c
Linking C executable cmTryCompileExec3939974331
/usr/bin/cmake -E cmake_link_script CMakeFiles/cmTryCompileExec3939974331.dir/link.txt --verbose=1
/usr/bin/cc   -DCHECK_FUNCTION_EXISTS=pthread_create    CMakeFiles/cmTryCompileExec3939974331.dir/CheckFunctionExists.c.o  -o cmTryCompileExec3939974331 -rdynamic -lpthreads 
/usr/bin/ld: cannot find -lpthreads
collect2: error: ld returned 1 exit status
make[1]: *** [cmTryCompileExec3939974331] Error 1
make[1]: Leaving directory `/home/jman/ros/src/ugv_course/gmapping_example/CMakeFiles/CMakeTmp'
make: *** [cmTryCompileExec3939974331/fast] Error 2


