Determining if the pthread_create exist failed with the following output:
Change Dir: /home/jman/ros/src/ugv_course/hector_example/CMakeFiles/CMakeTmp

Run Build Command:/usr/bin/make "cmTryCompileExec1846115137/fast"
/usr/bin/make -f CMakeFiles/cmTryCompileExec1846115137.dir/build.make CMakeFiles/cmTryCompileExec1846115137.dir/build
make[1]: Entering directory `/home/jman/ros/src/ugv_course/hector_example/CMakeFiles/CMakeTmp'
/usr/bin/cmake -E cmake_progress_report /home/jman/ros/src/ugv_course/hector_example/CMakeFiles/CMakeTmp/CMakeFiles 1
Building C object CMakeFiles/cmTryCompileExec1846115137.dir/CheckSymbolExists.c.o
/usr/bin/cc    -o CMakeFiles/cmTryCompileExec1846115137.dir/CheckSymbolExists.c.o   -c /home/jman/ros/src/ugv_course/hector_example/CMakeFiles/CMakeTmp/CheckSymbolExists.c
Linking C executable cmTryCompileExec1846115137
/usr/bin/cmake -E cmake_link_script CMakeFiles/cmTryCompileExec1846115137.dir/link.txt --verbose=1
/usr/bin/cc       CMakeFiles/cmTryCompileExec1846115137.dir/CheckSymbolExists.c.o  -o cmTryCompileExec1846115137 -rdynamic 
CMakeFiles/cmTryCompileExec1846115137.dir/CheckSymbolExists.c.o: In function `main':
CheckSymbolExists.c:(.text+0x16): undefined reference to `pthread_create'
collect2: error: ld returned 1 exit status
make[1]: Leaving directory `/home/jman/ros/src/ugv_course/hector_example/CMakeFiles/CMakeTmp'
make[1]: *** [cmTryCompileExec1846115137] Error 1
make: *** [cmTryCompileExec1846115137/fast] Error 2

File /home/jman/ros/src/ugv_course/hector_example/CMakeFiles/CMakeTmp/CheckSymbolExists.c:
/* */
#include <pthread.h>

int main(int argc, char** argv)
{
  (void)argv;
#ifndef pthread_create
  return ((int*)(&pthread_create))[argc];
#else
  (void)argc;
  return 0;
#endif
}

Determining if the function pthread_create exists in the pthreads failed with the following output:
Change Dir: /home/jman/ros/src/ugv_course/hector_example/CMakeFiles/CMakeTmp

Run Build Command:/usr/bin/make "cmTryCompileExec3865236931/fast"
/usr/bin/make -f CMakeFiles/cmTryCompileExec3865236931.dir/build.make CMakeFiles/cmTryCompileExec3865236931.dir/build
make[1]: Entering directory `/home/jman/ros/src/ugv_course/hector_example/CMakeFiles/CMakeTmp'
/usr/bin/cmake -E cmake_progress_report /home/jman/ros/src/ugv_course/hector_example/CMakeFiles/CMakeTmp/CMakeFiles 1
Building C object CMakeFiles/cmTryCompileExec3865236931.dir/CheckFunctionExists.c.o
/usr/bin/cc   -DCHECK_FUNCTION_EXISTS=pthread_create   -o CMakeFiles/cmTryCompileExec3865236931.dir/CheckFunctionExists.c.o   -c /usr/share/cmake-2.8/Modules/CheckFunctionExists.c
Linking C executable cmTryCompileExec3865236931
/usr/bin/cmake -E cmake_link_script CMakeFiles/cmTryCompileExec3865236931.dir/link.txt --verbose=1
/usr/bin/cc   -DCHECK_FUNCTION_EXISTS=pthread_create    CMakeFiles/cmTryCompileExec3865236931.dir/CheckFunctionExists.c.o  -o cmTryCompileExec3865236931 -rdynamic -lpthreads 
/usr/bin/ld: cannot find -lpthreads
make[1]: Leaving directory `/home/jman/ros/src/ugv_course/hector_example/CMakeFiles/CMakeTmp'
collect2: error: ld returned 1 exit status
make[1]: *** [cmTryCompileExec3865236931] Error 1
make: *** [cmTryCompileExec3865236931/fast] Error 2


